<?xml version="1.0" encoding="UTF-8"?>
<!-- Generated by org.testng.reporters.JUnitReportReporter -->
<testsuite skipped="0" hostname="DESKTOP-359Q95U" name="com.sj.asp" tests="1" failures="0" timestamp="07 Jun 2021 10:33:42 GMT" time="0.010" errors="0">
  <testcase name="m1" time="0.010" classname="com.sj.asp"/>
</testsuite> <!-- com.sj.asp -->
